[2022-07-17 09:52:41] [WARNING]: 虚拟设备信息不存在, 将自动生成随机设备. 
[2022-07-17 09:52:47] [WARNING]: 登录失败: 帐号或密码错误，请重新输入。 
[2022-07-17 09:53:30] [WARNING]: 登录需要滑条验证码, 请选择验证方式:  
[2022-07-17 09:53:30] [WARNING]: 1. 使用浏览器抓取滑条并登录 
[2022-07-17 09:53:30] [WARNING]: 2. 使用手机QQ扫码验证 (需要手Q和gocq在同一网络下). 
[2022-07-17 09:53:30] [WARNING]: 请输入(1 - 2) (将在10秒后自动选择1)： 
[2022-07-17 09:54:04] [WARNING]: 连接到反向WebSocket Universal服务器 ws://your_websocket_universal.server 时出现错误: dial tcp: lookup your_websocket_universal.server on [2408:8226:3501:302c::1]:53: no such host 
[2022-07-17 09:54:07] [WARNING]: 连接到反向WebSocket Universal服务器 ws://your_websocket_universal.server 时出现错误: dial tcp: lookup your_websocket_universal.server on [2408:8226:3501:302c::1]:53: no such host 
[2022-07-17 09:54:10] [WARNING]: 连接到反向WebSocket Universal服务器 ws://your_websocket_universal.server 时出现错误: dial tcp: lookup your_websocket_universal.server on [2408:8226:3501:302c::1]:53: no such host 
[2022-07-17 09:54:13] [WARNING]: 连接到反向WebSocket Universal服务器 ws://your_websocket_universal.server 时出现错误: dial tcp: lookup your_websocket_universal.server on [2408:8226:3501:302c::1]:53: no such host 
[2022-07-17 09:54:16] [WARNING]: 连接到反向WebSocket Universal服务器 ws://your_websocket_universal.server 时出现错误: dial tcp: lookup your_websocket_universal.server on [2408:8226:3501:302c::1]:53: no such host 
[2022-07-17 09:54:19] [WARNING]: 连接到反向WebSocket Universal服务器 ws://your_websocket_universal.server 时出现错误: dial tcp: lookup your_websocket_universal.server on [2408:8226:3501:302c::1]:53: no such host 
[2022-07-17 09:54:22] [WARNING]: 连接到反向WebSocket Universal服务器 ws://your_websocket_universal.server 时出现错误: dial tcp: lookup your_websocket_universal.server on [2408:8226:3501:302c::1]:53: no such host 
[2022-07-17 09:54:25] [WARNING]: 连接到反向WebSocket Universal服务器 ws://your_websocket_universal.server 时出现错误: dial tcp: lookup your_websocket_universal.server on [2408:8226:3501:302c::1]:53: no such host 
[2022-07-17 09:54:28] [WARNING]: 连接到反向WebSocket Universal服务器 ws://your_websocket_universal.server 时出现错误: dial tcp: lookup your_websocket_universal.server on [2408:8226:3501:302c::1]:53: no such host 
[2022-07-17 09:54:31] [WARNING]: 连接到反向WebSocket Universal服务器 ws://your_websocket_universal.server 时出现错误: dial tcp: lookup your_websocket_universal.server on [2408:8226:3501:302c::1]:53: no such host 
[2022-07-17 09:54:34] [WARNING]: 连接到反向WebSocket Universal服务器 ws://your_websocket_universal.server 时出现错误: dial tcp: lookup your_websocket_universal.server on [2408:8226:3501:302c::1]:53: no such host 
[2022-07-17 09:54:37] [WARNING]: 连接到反向WebSocket Universal服务器 ws://your_websocket_universal.server 时出现错误: dial tcp: lookup your_websocket_universal.server on [2408:8226:3501:302c::1]:53: no such host 
[2022-07-17 09:54:40] [WARNING]: 连接到反向WebSocket Universal服务器 ws://your_websocket_universal.server 时出现错误: dial tcp: lookup your_websocket_universal.server on [2408:8226:3501:302c::1]:53: no such host 
[2022-07-17 09:54:43] [WARNING]: 连接到反向WebSocket Universal服务器 ws://your_websocket_universal.server 时出现错误: dial tcp: lookup your_websocket_universal.server on [2408:8226:3501:302c::1]:53: no such host 
[2022-07-17 09:54:46] [WARNING]: 连接到反向WebSocket Universal服务器 ws://your_websocket_universal.server 时出现错误: dial tcp: lookup your_websocket_universal.server on [2408:8226:3501:302c::1]:53: no such host 
[2022-07-17 09:54:49] [WARNING]: 连接到反向WebSocket Universal服务器 ws://your_websocket_universal.server 时出现错误: dial tcp: lookup your_websocket_universal.server on [2408:8226:3501:302c::1]:53: no such host 
[2022-07-17 09:54:52] [WARNING]: 连接到反向WebSocket Universal服务器 ws://your_websocket_universal.server 时出现错误: dial tcp: lookup your_websocket_universal.server on [2408:8226:3501:302c::1]:53: no such host 
[2022-07-17 09:54:55] [WARNING]: 连接到反向WebSocket Universal服务器 ws://your_websocket_universal.server 时出现错误: dial tcp: lookup your_websocket_universal.server on [2408:8226:3501:302c::1]:53: no such host 
[2022-07-17 09:54:58] [WARNING]: 连接到反向WebSocket Universal服务器 ws://your_websocket_universal.server 时出现错误: dial tcp: lookup your_websocket_universal.server on [2408:8226:3501:302c::1]:53: no such host 
[2022-07-17 09:55:01] [WARNING]: 连接到反向WebSocket Universal服务器 ws://your_websocket_universal.server 时出现错误: dial tcp: lookup your_websocket_universal.server on [2408:8226:3501:302c::1]:53: no such host 
[2022-07-17 09:55:04] [WARNING]: 连接到反向WebSocket Universal服务器 ws://your_websocket_universal.server 时出现错误: dial tcp: lookup your_websocket_universal.server on [2408:8226:3501:302c::1]:53: no such host 
[2022-07-17 09:55:07] [WARNING]: 连接到反向WebSocket Universal服务器 ws://your_websocket_universal.server 时出现错误: dial tcp: lookup your_websocket_universal.server on [2408:8226:3501:302c::1]:53: no such host 
[2022-07-17 09:55:10] [WARNING]: 连接到反向WebSocket Universal服务器 ws://your_websocket_universal.server 时出现错误: dial tcp: lookup your_websocket_universal.server on [2408:8226:3501:302c::1]:53: no such host 
[2022-07-17 09:55:13] [WARNING]: 连接到反向WebSocket Universal服务器 ws://your_websocket_universal.server 时出现错误: dial tcp: lookup your_websocket_universal.server on [2408:8226:3501:302c::1]:53: no such host 
[2022-07-17 09:55:16] [WARNING]: 连接到反向WebSocket Universal服务器 ws://your_websocket_universal.server 时出现错误: dial tcp: lookup your_websocket_universal.server on [2408:8226:3501:302c::1]:53: no such host 
[2022-07-17 09:55:19] [WARNING]: 连接到反向WebSocket Universal服务器 ws://your_websocket_universal.server 时出现错误: dial tcp: lookup your_websocket_universal.server on [2408:8226:3501:302c::1]:53: no such host 
[2022-07-17 09:55:23] [WARNING]: 连接到反向WebSocket Universal服务器 ws://your_websocket_universal.server 时出现错误: dial tcp: lookup your_websocket_universal.server on [2408:8226:3501:302c::1]:53: no such host 
[2022-07-17 09:55:26] [WARNING]: 连接到反向WebSocket Universal服务器 ws://your_websocket_universal.server 时出现错误: dial tcp: lookup your_websocket_universal.server on [2408:8226:3501:302c::1]:53: no such host 
[2022-07-17 09:55:29] [WARNING]: 连接到反向WebSocket Universal服务器 ws://your_websocket_universal.server 时出现错误: dial tcp: lookup your_websocket_universal.server on [2408:8226:3501:302c::1]:53: no such host 
[2022-07-17 09:55:32] [WARNING]: 连接到反向WebSocket Universal服务器 ws://your_websocket_universal.server 时出现错误: dial tcp: lookup your_websocket_universal.server on [2408:8226:3501:302c::1]:53: no such host 
[2022-07-17 09:55:35] [WARNING]: 连接到反向WebSocket Universal服务器 ws://your_websocket_universal.server 时出现错误: dial tcp: lookup your_websocket_universal.server on [2408:8226:3501:302c::1]:53: no such host 
[2022-07-17 09:55:38] [WARNING]: 连接到反向WebSocket Universal服务器 ws://your_websocket_universal.server 时出现错误: dial tcp: lookup your_websocket_universal.server on [2408:8226:3501:302c::1]:53: no such host 
[2022-07-17 09:55:41] [WARNING]: 连接到反向WebSocket Universal服务器 ws://your_websocket_universal.server 时出现错误: dial tcp: lookup your_websocket_universal.server on [2408:8226:3501:302c::1]:53: no such host 
[2022-07-17 09:55:44] [WARNING]: 连接到反向WebSocket Universal服务器 ws://your_websocket_universal.server 时出现错误: dial tcp: lookup your_websocket_universal.server on [2408:8226:3501:302c::1]:53: no such host 
[2022-07-17 09:55:47] [WARNING]: 连接到反向WebSocket Universal服务器 ws://your_websocket_universal.server 时出现错误: dial tcp: lookup your_websocket_universal.server on [2408:8226:3501:302c::1]:53: no such host 
[2022-07-17 09:55:50] [WARNING]: 连接到反向WebSocket Universal服务器 ws://your_websocket_universal.server 时出现错误: dial tcp: lookup your_websocket_universal.server on [2408:8226:3501:302c::1]:53: no such host 
[2022-07-17 09:55:53] [WARNING]: 连接到反向WebSocket Universal服务器 ws://your_websocket_universal.server 时出现错误: dial tcp: lookup your_websocket_universal.server on [2408:8226:3501:302c::1]:53: no such host 
[2022-07-17 09:55:56] [WARNING]: 连接到反向WebSocket Universal服务器 ws://your_websocket_universal.server 时出现错误: dial tcp: lookup your_websocket_universal.server on [2408:8226:3501:302c::1]:53: no such host 
[2022-07-17 09:55:59] [WARNING]: 连接到反向WebSocket Universal服务器 ws://your_websocket_universal.server 时出现错误: dial tcp: lookup your_websocket_universal.server on [2408:8226:3501:302c::1]:53: no such host 
[2022-07-17 09:56:02] [WARNING]: 连接到反向WebSocket Universal服务器 ws://your_websocket_universal.server 时出现错误: dial tcp: lookup your_websocket_universal.server on [2408:8226:3501:302c::1]:53: no such host 
[2022-07-17 09:56:05] [WARNING]: 连接到反向WebSocket Universal服务器 ws://your_websocket_universal.server 时出现错误: dial tcp: lookup your_websocket_universal.server on [2408:8226:3501:302c::1]:53: no such host 
[2022-07-17 09:56:08] [WARNING]: 连接到反向WebSocket Universal服务器 ws://your_websocket_universal.server 时出现错误: dial tcp: lookup your_websocket_universal.server on [2408:8226:3501:302c::1]:53: no such host 
[2022-07-17 09:56:11] [WARNING]: 连接到反向WebSocket Universal服务器 ws://your_websocket_universal.server 时出现错误: dial tcp: lookup your_websocket_universal.server on [2408:8226:3501:302c::1]:53: no such host 
[2022-07-17 09:56:14] [WARNING]: 连接到反向WebSocket Universal服务器 ws://your_websocket_universal.server 时出现错误: dial tcp: lookup your_websocket_universal.server on [2408:8226:3501:302c::1]:53: no such host 
[2022-07-17 09:56:17] [WARNING]: 连接到反向WebSocket Universal服务器 ws://your_websocket_universal.server 时出现错误: dial tcp: lookup your_websocket_universal.server on [2408:8226:3501:302c::1]:53: no such host 
[2022-07-17 09:56:20] [WARNING]: 连接到反向WebSocket Universal服务器 ws://your_websocket_universal.server 时出现错误: dial tcp: lookup your_websocket_universal.server on [2408:8226:3501:302c::1]:53: no such host 
[2022-07-17 09:56:23] [WARNING]: 连接到反向WebSocket Universal服务器 ws://your_websocket_universal.server 时出现错误: dial tcp: lookup your_websocket_universal.server on [2408:8226:3501:302c::1]:53: no such host 
[2022-07-17 09:56:26] [WARNING]: 连接到反向WebSocket Universal服务器 ws://your_websocket_universal.server 时出现错误: dial tcp: lookup your_websocket_universal.server on [2408:8226:3501:302c::1]:53: no such host 
[2022-07-17 09:56:29] [WARNING]: 连接到反向WebSocket Universal服务器 ws://your_websocket_universal.server 时出现错误: dial tcp: lookup your_websocket_universal.server on [2408:8226:3501:302c::1]:53: no such host 
[2022-07-17 09:58:26] [WARNING]: Protocol -> device lock is disable. http api may fail. 
[2022-07-17 09:58:30] [WARNING]: 连接到反向WebSocket Universal服务器 ws://your_websocket_universal.server 时出现错误: dial tcp: lookup your_websocket_universal.server on [2408:8226:3501:302c::1]:53: no such host 
[2022-07-17 09:58:33] [WARNING]: 连接到反向WebSocket Universal服务器 ws://your_websocket_universal.server 时出现错误: dial tcp: lookup your_websocket_universal.server on [2408:8226:3501:302c::1]:53: no such host 
[2022-07-17 09:58:36] [WARNING]: 连接到反向WebSocket Universal服务器 ws://your_websocket_universal.server 时出现错误: dial tcp: lookup your_websocket_universal.server on [2408:8226:3501:302c::1]:53: no such host 
[2022-07-17 09:58:39] [WARNING]: 连接到反向WebSocket Universal服务器 ws://your_websocket_universal.server 时出现错误: dial tcp: lookup your_websocket_universal.server on [2408:8226:3501:302c::1]:53: no such host 
[2022-07-17 09:58:42] [WARNING]: 连接到反向WebSocket Universal服务器 ws://your_websocket_universal.server 时出现错误: dial tcp: lookup your_websocket_universal.server on [2408:8226:3501:302c::1]:53: no such host 
[2022-07-17 09:58:45] [WARNING]: 连接到反向WebSocket Universal服务器 ws://your_websocket_universal.server 时出现错误: dial tcp: lookup your_websocket_universal.server on [2408:8226:3501:302c::1]:53: no such host 
[2022-07-17 09:58:48] [WARNING]: 连接到反向WebSocket Universal服务器 ws://your_websocket_universal.server 时出现错误: dial tcp: lookup your_websocket_universal.server on [2408:8226:3501:302c::1]:53: no such host 
[2022-07-17 09:58:51] [WARNING]: 连接到反向WebSocket Universal服务器 ws://your_websocket_universal.server 时出现错误: dial tcp: lookup your_websocket_universal.server on [2408:8226:3501:302c::1]:53: no such host 
[2022-07-17 09:58:54] [WARNING]: 连接到反向WebSocket Universal服务器 ws://your_websocket_universal.server 时出现错误: dial tcp: lookup your_websocket_universal.server on [2408:8226:3501:302c::1]:53: no such host 
[2022-07-17 09:58:57] [WARNING]: 连接到反向WebSocket Universal服务器 ws://your_websocket_universal.server 时出现错误: dial tcp: lookup your_websocket_universal.server on [2408:8226:3501:302c::1]:53: no such host 
[2022-07-17 09:59:00] [WARNING]: 连接到反向WebSocket Universal服务器 ws://your_websocket_universal.server 时出现错误: dial tcp: lookup your_websocket_universal.server on [2408:8226:3501:302c::1]:53: no such host 
[2022-07-17 09:59:03] [WARNING]: 连接到反向WebSocket Universal服务器 ws://your_websocket_universal.server 时出现错误: dial tcp: lookup your_websocket_universal.server on [2408:8226:3501:302c::1]:53: no such host 
[2022-07-17 09:59:06] [WARNING]: 连接到反向WebSocket Universal服务器 ws://your_websocket_universal.server 时出现错误: dial tcp: lookup your_websocket_universal.server on [2408:8226:3501:302c::1]:53: no such host 
[2022-07-17 09:59:09] [WARNING]: 连接到反向WebSocket Universal服务器 ws://your_websocket_universal.server 时出现错误: dial tcp: lookup your_websocket_universal.server on [2408:8226:3501:302c::1]:53: no such host 
[2022-07-17 09:59:12] [WARNING]: 连接到反向WebSocket Universal服务器 ws://your_websocket_universal.server 时出现错误: dial tcp: lookup your_websocket_universal.server on [2408:8226:3501:302c::1]:53: no such host 
[2022-07-17 09:59:15] [WARNING]: 连接到反向WebSocket Universal服务器 ws://your_websocket_universal.server 时出现错误: dial tcp: lookup your_websocket_universal.server on [2408:8226:3501:302c::1]:53: no such host 
[2022-07-17 09:59:18] [WARNING]: 连接到反向WebSocket Universal服务器 ws://your_websocket_universal.server 时出现错误: dial tcp: lookup your_websocket_universal.server on [2408:8226:3501:302c::1]:53: no such host 
[2022-07-17 09:59:21] [WARNING]: 连接到反向WebSocket Universal服务器 ws://your_websocket_universal.server 时出现错误: dial tcp: lookup your_websocket_universal.server on [2408:8226:3501:302c::1]:53: no such host 
[2022-07-17 09:59:24] [WARNING]: 连接到反向WebSocket Universal服务器 ws://your_websocket_universal.server 时出现错误: dial tcp: lookup your_websocket_universal.server on [2408:8226:3501:302c::1]:53: no such host 
[2022-07-17 09:59:27] [WARNING]: 连接到反向WebSocket Universal服务器 ws://your_websocket_universal.server 时出现错误: dial tcp: lookup your_websocket_universal.server on [2408:8226:3501:302c::1]:53: no such host 
[2022-07-17 09:59:30] [WARNING]: 连接到反向WebSocket Universal服务器 ws://your_websocket_universal.server 时出现错误: dial tcp: lookup your_websocket_universal.server on [2408:8226:3501:302c::1]:53: no such host 
[2022-07-17 09:59:33] [WARNING]: 连接到反向WebSocket Universal服务器 ws://your_websocket_universal.server 时出现错误: dial tcp: lookup your_websocket_universal.server on [2408:8226:3501:302c::1]:53: no such host 
[2022-07-17 09:59:36] [WARNING]: 连接到反向WebSocket Universal服务器 ws://your_websocket_universal.server 时出现错误: dial tcp: lookup your_websocket_universal.server on [2408:8226:3501:302c::1]:53: no such host 
[2022-07-17 09:59:39] [WARNING]: 连接到反向WebSocket Universal服务器 ws://your_websocket_universal.server 时出现错误: dial tcp: lookup your_websocket_universal.server on [2408:8226:3501:302c::1]:53: no such host 
[2022-07-17 09:59:42] [WARNING]: 连接到反向WebSocket Universal服务器 ws://your_websocket_universal.server 时出现错误: dial tcp: lookup your_websocket_universal.server on [2408:8226:3501:302c::1]:53: no such host 
[2022-07-17 09:59:45] [WARNING]: 连接到反向WebSocket Universal服务器 ws://your_websocket_universal.server 时出现错误: dial tcp: lookup your_websocket_universal.server on [2408:8226:3501:302c::1]:53: no such host 
[2022-07-17 09:59:48] [WARNING]: 连接到反向WebSocket Universal服务器 ws://your_websocket_universal.server 时出现错误: dial tcp: lookup your_websocket_universal.server on [2408:8226:3501:302c::1]:53: no such host 
[2022-07-17 09:59:51] [WARNING]: 连接到反向WebSocket Universal服务器 ws://your_websocket_universal.server 时出现错误: dial tcp: lookup your_websocket_universal.server on [2408:8226:3501:302c::1]:53: no such host 
[2022-07-17 09:59:54] [WARNING]: 连接到反向WebSocket Universal服务器 ws://your_websocket_universal.server 时出现错误: dial tcp: lookup your_websocket_universal.server on [2408:8226:3501:302c::1]:53: no such host 
[2022-07-17 09:59:57] [WARNING]: 连接到反向WebSocket Universal服务器 ws://your_websocket_universal.server 时出现错误: dial tcp: lookup your_websocket_universal.server on [2408:8226:3501:302c::1]:53: no such host 
[2022-07-17 10:00:00] [WARNING]: 连接到反向WebSocket Universal服务器 ws://your_websocket_universal.server 时出现错误: dial tcp: lookup your_websocket_universal.server on [2408:8226:3501:302c::1]:53: no such host 
[2022-07-17 10:00:03] [WARNING]: 连接到反向WebSocket Universal服务器 ws://your_websocket_universal.server 时出现错误: dial tcp: lookup your_websocket_universal.server on [2408:8226:3501:302c::1]:53: no such host 
[2022-07-17 10:00:06] [WARNING]: 连接到反向WebSocket Universal服务器 ws://your_websocket_universal.server 时出现错误: dial tcp: lookup your_websocket_universal.server on [2408:8226:3501:302c::1]:53: no such host 
[2022-07-17 10:00:09] [WARNING]: 连接到反向WebSocket Universal服务器 ws://your_websocket_universal.server 时出现错误: dial tcp: lookup your_websocket_universal.server on [2408:8226:3501:302c::1]:53: no such host 
[2022-07-17 10:06:30] [WARNING]: Protocol -> device lock is disable. http api may fail. 
[2022-07-17 10:06:34] [WARNING]: 连接到反向WebSocket Universal服务器 ws://your_websocket_universal.server 时出现错误: dial tcp: lookup your_websocket_universal.server on [2408:8226:3501:302c::1]:53: no such host 
[2022-07-17 10:06:37] [WARNING]: 连接到反向WebSocket Universal服务器 ws://your_websocket_universal.server 时出现错误: dial tcp: lookup your_websocket_universal.server on [2408:8226:3501:302c::1]:53: no such host 
[2022-07-17 10:06:40] [WARNING]: 连接到反向WebSocket Universal服务器 ws://your_websocket_universal.server 时出现错误: dial tcp: lookup your_websocket_universal.server on [2408:8226:3501:302c::1]:53: no such host 
[2022-07-17 10:06:43] [WARNING]: 连接到反向WebSocket Universal服务器 ws://your_websocket_universal.server 时出现错误: dial tcp: lookup your_websocket_universal.server on [2408:8226:3501:302c::1]:53: no such host 
[2022-07-17 10:06:46] [WARNING]: 连接到反向WebSocket Universal服务器 ws://your_websocket_universal.server 时出现错误: dial tcp: lookup your_websocket_universal.server on [2408:8226:3501:302c::1]:53: no such host 
[2022-07-17 10:06:49] [WARNING]: 连接到反向WebSocket Universal服务器 ws://your_websocket_universal.server 时出现错误: dial tcp: lookup your_websocket_universal.server on [2408:8226:3501:302c::1]:53: no such host 
[2022-07-17 10:06:52] [WARNING]: 连接到反向WebSocket Universal服务器 ws://your_websocket_universal.server 时出现错误: dial tcp: lookup your_websocket_universal.server on [2408:8226:3501:302c::1]:53: no such host 
[2022-07-17 10:06:55] [WARNING]: 连接到反向WebSocket Universal服务器 ws://your_websocket_universal.server 时出现错误: dial tcp: lookup your_websocket_universal.server on [2408:8226:3501:302c::1]:53: no such host 
[2022-07-17 10:06:58] [WARNING]: 连接到反向WebSocket Universal服务器 ws://your_websocket_universal.server 时出现错误: dial tcp: lookup your_websocket_universal.server on [2408:8226:3501:302c::1]:53: no such host 
[2022-07-17 10:07:01] [WARNING]: 连接到反向WebSocket Universal服务器 ws://your_websocket_universal.server 时出现错误: dial tcp: lookup your_websocket_universal.server on [2408:8226:3501:302c::1]:53: no such host 
[2022-07-17 10:07:04] [WARNING]: 连接到反向WebSocket Universal服务器 ws://your_websocket_universal.server 时出现错误: dial tcp: lookup your_websocket_universal.server on [2408:8226:3501:302c::1]:53: no such host 
[2022-07-17 10:07:07] [WARNING]: 连接到反向WebSocket Universal服务器 ws://your_websocket_universal.server 时出现错误: dial tcp: lookup your_websocket_universal.server on [2408:8226:3501:302c::1]:53: no such host 
[2022-07-17 10:07:10] [WARNING]: 连接到反向WebSocket Universal服务器 ws://your_websocket_universal.server 时出现错误: dial tcp: lookup your_websocket_universal.server on [2408:8226:3501:302c::1]:53: no such host 
[2022-07-17 10:07:13] [WARNING]: 连接到反向WebSocket Universal服务器 ws://your_websocket_universal.server 时出现错误: dial tcp: lookup your_websocket_universal.server on [2408:8226:3501:302c::1]:53: no such host 
[2022-07-17 10:07:16] [WARNING]: 连接到反向WebSocket Universal服务器 ws://your_websocket_universal.server 时出现错误: dial tcp: lookup your_websocket_universal.server on [2408:8226:3501:302c::1]:53: no such host 
[2022-07-17 10:07:19] [WARNING]: 连接到反向WebSocket Universal服务器 ws://your_websocket_universal.server 时出现错误: dial tcp: lookup your_websocket_universal.server on [2408:8226:3501:302c::1]:53: no such host 
[2022-07-17 10:07:22] [WARNING]: 连接到反向WebSocket Universal服务器 ws://your_websocket_universal.server 时出现错误: dial tcp: lookup your_websocket_universal.server on [2408:8226:3501:302c::1]:53: no such host 
[2022-07-17 10:07:25] [WARNING]: 连接到反向WebSocket Universal服务器 ws://your_websocket_universal.server 时出现错误: dial tcp: lookup your_websocket_universal.server on [2408:8226:3501:302c::1]:53: no such host 
[2022-07-17 10:07:28] [WARNING]: 连接到反向WebSocket Universal服务器 ws://your_websocket_universal.server 时出现错误: dial tcp: lookup your_websocket_universal.server on [2408:8226:3501:302c::1]:53: no such host 
[2022-07-17 10:07:31] [WARNING]: 连接到反向WebSocket Universal服务器 ws://your_websocket_universal.server 时出现错误: dial tcp: lookup your_websocket_universal.server on [2408:8226:3501:302c::1]:53: no such host 
[2022-07-17 10:07:34] [WARNING]: 连接到反向WebSocket Universal服务器 ws://your_websocket_universal.server 时出现错误: dial tcp: lookup your_websocket_universal.server on [2408:8226:3501:302c::1]:53: no such host 
[2022-07-17 10:07:37] [WARNING]: 连接到反向WebSocket Universal服务器 ws://your_websocket_universal.server 时出现错误: dial tcp: lookup your_websocket_universal.server on [2408:8226:3501:302c::1]:53: no such host 
[2022-07-17 10:07:40] [WARNING]: 连接到反向WebSocket Universal服务器 ws://your_websocket_universal.server 时出现错误: dial tcp: lookup your_websocket_universal.server on [2408:8226:3501:302c::1]:53: no such host 
[2022-07-17 10:07:43] [WARNING]: 连接到反向WebSocket Universal服务器 ws://your_websocket_universal.server 时出现错误: dial tcp: lookup your_websocket_universal.server on [2408:8226:3501:302c::1]:53: no such host 
[2022-07-17 10:07:46] [WARNING]: 连接到反向WebSocket Universal服务器 ws://your_websocket_universal.server 时出现错误: dial tcp: lookup your_websocket_universal.server on [2408:8226:3501:302c::1]:53: no such host 
[2022-07-17 10:07:49] [WARNING]: 连接到反向WebSocket Universal服务器 ws://your_websocket_universal.server 时出现错误: dial tcp: lookup your_websocket_universal.server on [2408:8226:3501:302c::1]:53: no such host 
[2022-07-17 10:07:52] [WARNING]: 连接到反向WebSocket Universal服务器 ws://your_websocket_universal.server 时出现错误: dial tcp: lookup your_websocket_universal.server on [2408:8226:3501:302c::1]:53: no such host 
[2022-07-17 10:07:55] [WARNING]: 连接到反向WebSocket Universal服务器 ws://your_websocket_universal.server 时出现错误: dial tcp: lookup your_websocket_universal.server on [2408:8226:3501:302c::1]:53: no such host 
[2022-07-17 10:07:58] [WARNING]: 连接到反向WebSocket Universal服务器 ws://your_websocket_universal.server 时出现错误: dial tcp: lookup your_websocket_universal.server on [2408:8226:3501:302c::1]:53: no such host 
[2022-07-17 10:08:01] [WARNING]: 连接到反向WebSocket Universal服务器 ws://your_websocket_universal.server 时出现错误: dial tcp: lookup your_websocket_universal.server on [2408:8226:3501:302c::1]:53: no such host 
[2022-07-17 10:08:04] [WARNING]: 连接到反向WebSocket Universal服务器 ws://your_websocket_universal.server 时出现错误: dial tcp: lookup your_websocket_universal.server on [2408:8226:3501:302c::1]:53: no such host 
[2022-07-17 10:08:07] [WARNING]: 连接到反向WebSocket Universal服务器 ws://your_websocket_universal.server 时出现错误: dial tcp: lookup your_websocket_universal.server on [2408:8226:3501:302c::1]:53: no such host 
[2022-07-17 10:08:10] [WARNING]: 连接到反向WebSocket Universal服务器 ws://your_websocket_universal.server 时出现错误: dial tcp: lookup your_websocket_universal.server on [2408:8226:3501:302c::1]:53: no such host 
[2022-07-17 10:08:13] [WARNING]: 连接到反向WebSocket Universal服务器 ws://your_websocket_universal.server 时出现错误: dial tcp: lookup your_websocket_universal.server on [2408:8226:3501:302c::1]:53: no such host 
[2022-07-17 10:08:16] [WARNING]: 连接到反向WebSocket Universal服务器 ws://your_websocket_universal.server 时出现错误: dial tcp: lookup your_websocket_universal.server on [2408:8226:3501:302c::1]:53: no such host 
[2022-07-17 10:08:19] [WARNING]: 连接到反向WebSocket Universal服务器 ws://your_websocket_universal.server 时出现错误: dial tcp: lookup your_websocket_universal.server on [2408:8226:3501:302c::1]:53: no such host 
[2022-07-17 10:08:22] [WARNING]: 连接到反向WebSocket Universal服务器 ws://your_websocket_universal.server 时出现错误: dial tcp: lookup your_websocket_universal.server on [2408:8226:3501:302c::1]:53: no such host 
[2022-07-17 10:08:25] [WARNING]: 连接到反向WebSocket Universal服务器 ws://your_websocket_universal.server 时出现错误: dial tcp: lookup your_websocket_universal.server on [2408:8226:3501:302c::1]:53: no such host 
[2022-07-17 10:08:28] [WARNING]: 连接到反向WebSocket Universal服务器 ws://your_websocket_universal.server 时出现错误: dial tcp: lookup your_websocket_universal.server on [2408:8226:3501:302c::1]:53: no such host 
[2022-07-17 10:08:31] [WARNING]: 连接到反向WebSocket Universal服务器 ws://your_websocket_universal.server 时出现错误: dial tcp: lookup your_websocket_universal.server on [2408:8226:3501:302c::1]:53: no such host 
[2022-07-17 10:08:34] [WARNING]: 连接到反向WebSocket Universal服务器 ws://your_websocket_universal.server 时出现错误: dial tcp: lookup your_websocket_universal.server on [2408:8226:3501:302c::1]:53: no such host 
[2022-07-17 10:08:37] [WARNING]: 连接到反向WebSocket Universal服务器 ws://your_websocket_universal.server 时出现错误: dial tcp: lookup your_websocket_universal.server on [2408:8226:3501:302c::1]:53: no such host 
[2022-07-17 10:08:40] [WARNING]: 连接到反向WebSocket Universal服务器 ws://your_websocket_universal.server 时出现错误: dial tcp: lookup your_websocket_universal.server on [2408:8226:3501:302c::1]:53: no such host 
[2022-07-17 10:08:43] [WARNING]: 连接到反向WebSocket Universal服务器 ws://your_websocket_universal.server 时出现错误: dial tcp: lookup your_websocket_universal.server on [2408:8226:3501:302c::1]:53: no such host 
[2022-07-17 10:08:46] [WARNING]: 连接到反向WebSocket Universal服务器 ws://your_websocket_universal.server 时出现错误: dial tcp: lookup your_websocket_universal.server on [2408:8226:3501:302c::1]:53: no such host 
[2022-07-17 10:08:49] [WARNING]: 连接到反向WebSocket Universal服务器 ws://your_websocket_universal.server 时出现错误: dial tcp: lookup your_websocket_universal.server on [2408:8226:3501:302c::1]:53: no such host 
[2022-07-17 10:08:52] [WARNING]: 连接到反向WebSocket Universal服务器 ws://your_websocket_universal.server 时出现错误: dial tcp: lookup your_websocket_universal.server on [2408:8226:3501:302c::1]:53: no such host 
[2022-07-17 10:08:55] [WARNING]: 连接到反向WebSocket Universal服务器 ws://your_websocket_universal.server 时出现错误: dial tcp: lookup your_websocket_universal.server on [2408:8226:3501:302c::1]:53: no such host 
[2022-07-17 10:08:58] [WARNING]: 连接到反向WebSocket Universal服务器 ws://your_websocket_universal.server 时出现错误: dial tcp: lookup your_websocket_universal.server on [2408:8226:3501:302c::1]:53: no such host 
[2022-07-17 10:09:01] [WARNING]: 连接到反向WebSocket Universal服务器 ws://your_websocket_universal.server 时出现错误: dial tcp: lookup your_websocket_universal.server on [2408:8226:3501:302c::1]:53: no such host 
[2022-07-17 10:09:04] [WARNING]: 连接到反向WebSocket Universal服务器 ws://your_websocket_universal.server 时出现错误: dial tcp: lookup your_websocket_universal.server on [2408:8226:3501:302c::1]:53: no such host 
[2022-07-17 10:09:07] [WARNING]: 连接到反向WebSocket Universal服务器 ws://your_websocket_universal.server 时出现错误: dial tcp: lookup your_websocket_universal.server on [2408:8226:3501:302c::1]:53: no such host 
[2022-07-17 10:09:10] [WARNING]: 连接到反向WebSocket Universal服务器 ws://your_websocket_universal.server 时出现错误: dial tcp: lookup your_websocket_universal.server on [2408:8226:3501:302c::1]:53: no such host 
[2022-07-17 10:09:13] [WARNING]: 连接到反向WebSocket Universal服务器 ws://your_websocket_universal.server 时出现错误: dial tcp: lookup your_websocket_universal.server on [2408:8226:3501:302c::1]:53: no such host 
[2022-07-17 10:09:16] [WARNING]: 连接到反向WebSocket Universal服务器 ws://your_websocket_universal.server 时出现错误: dial tcp: lookup your_websocket_universal.server on [2408:8226:3501:302c::1]:53: no such host 
[2022-07-17 10:09:19] [WARNING]: 连接到反向WebSocket Universal服务器 ws://your_websocket_universal.server 时出现错误: dial tcp: lookup your_websocket_universal.server on [2408:8226:3501:302c::1]:53: no such host 
[2022-07-17 10:09:22] [WARNING]: 连接到反向WebSocket Universal服务器 ws://your_websocket_universal.server 时出现错误: dial tcp: lookup your_websocket_universal.server on [2408:8226:3501:302c::1]:53: no such host 
[2022-07-17 10:09:25] [WARNING]: 连接到反向WebSocket Universal服务器 ws://your_websocket_universal.server 时出现错误: dial tcp: lookup your_websocket_universal.server on [2408:8226:3501:302c::1]:53: no such host 
[2022-07-17 10:09:28] [WARNING]: 连接到反向WebSocket Universal服务器 ws://your_websocket_universal.server 时出现错误: dial tcp: lookup your_websocket_universal.server on [2408:8226:3501:302c::1]:53: no such host 
[2022-07-17 10:09:31] [WARNING]: 连接到反向WebSocket Universal服务器 ws://your_websocket_universal.server 时出现错误: dial tcp: lookup your_websocket_universal.server on [2408:8226:3501:302c::1]:53: no such host 
[2022-07-17 10:09:34] [WARNING]: 连接到反向WebSocket Universal服务器 ws://your_websocket_universal.server 时出现错误: dial tcp: lookup your_websocket_universal.server on [2408:8226:3501:302c::1]:53: no such host 
[2022-07-17 10:09:37] [WARNING]: 连接到反向WebSocket Universal服务器 ws://your_websocket_universal.server 时出现错误: dial tcp: lookup your_websocket_universal.server on [2408:8226:3501:302c::1]:53: no such host 
[2022-07-17 10:09:40] [WARNING]: 连接到反向WebSocket Universal服务器 ws://your_websocket_universal.server 时出现错误: dial tcp: lookup your_websocket_universal.server on [2408:8226:3501:302c::1]:53: no such host 
[2022-07-17 10:09:43] [WARNING]: 连接到反向WebSocket Universal服务器 ws://your_websocket_universal.server 时出现错误: dial tcp: lookup your_websocket_universal.server on [2408:8226:3501:302c::1]:53: no such host 
[2022-07-17 10:09:46] [WARNING]: 连接到反向WebSocket Universal服务器 ws://your_websocket_universal.server 时出现错误: dial tcp: lookup your_websocket_universal.server on [2408:8226:3501:302c::1]:53: no such host 
[2022-07-17 10:09:49] [WARNING]: 连接到反向WebSocket Universal服务器 ws://your_websocket_universal.server 时出现错误: dial tcp: lookup your_websocket_universal.server on [2408:8226:3501:302c::1]:53: no such host 
[2022-07-17 10:09:52] [WARNING]: 连接到反向WebSocket Universal服务器 ws://your_websocket_universal.server 时出现错误: dial tcp: lookup your_websocket_universal.server on [2408:8226:3501:302c::1]:53: no such host 
[2022-07-17 10:09:55] [WARNING]: 连接到反向WebSocket Universal服务器 ws://your_websocket_universal.server 时出现错误: dial tcp: lookup your_websocket_universal.server on [2408:8226:3501:302c::1]:53: no such host 
[2022-07-17 10:09:58] [WARNING]: 连接到反向WebSocket Universal服务器 ws://your_websocket_universal.server 时出现错误: dial tcp: lookup your_websocket_universal.server on [2408:8226:3501:302c::1]:53: no such host 
[2022-07-17 10:10:01] [WARNING]: 连接到反向WebSocket Universal服务器 ws://your_websocket_universal.server 时出现错误: dial tcp: lookup your_websocket_universal.server on [2408:8226:3501:302c::1]:53: no such host 
[2022-07-17 10:10:04] [WARNING]: 连接到反向WebSocket Universal服务器 ws://your_websocket_universal.server 时出现错误: dial tcp: lookup your_websocket_universal.server on [2408:8226:3501:302c::1]:53: no such host 
[2022-07-17 10:10:07] [WARNING]: 连接到反向WebSocket Universal服务器 ws://your_websocket_universal.server 时出现错误: dial tcp: lookup your_websocket_universal.server on [2408:8226:3501:302c::1]:53: no such host 
[2022-07-17 10:10:10] [WARNING]: 连接到反向WebSocket Universal服务器 ws://your_websocket_universal.server 时出现错误: dial tcp: lookup your_websocket_universal.server on [2408:8226:3501:302c::1]:53: no such host 
[2022-07-17 10:10:13] [WARNING]: 连接到反向WebSocket Universal服务器 ws://your_websocket_universal.server 时出现错误: dial tcp: lookup your_websocket_universal.server on [2408:8226:3501:302c::1]:53: no such host 
[2022-07-17 10:10:16] [WARNING]: 连接到反向WebSocket Universal服务器 ws://your_websocket_universal.server 时出现错误: dial tcp: lookup your_websocket_universal.server on [2408:8226:3501:302c::1]:53: no such host 
[2022-07-17 10:10:19] [WARNING]: 连接到反向WebSocket Universal服务器 ws://your_websocket_universal.server 时出现错误: dial tcp: lookup your_websocket_universal.server on [2408:8226:3501:302c::1]:53: no such host 
[2022-07-17 10:10:22] [WARNING]: 连接到反向WebSocket Universal服务器 ws://your_websocket_universal.server 时出现错误: dial tcp: lookup your_websocket_universal.server on [2408:8226:3501:302c::1]:53: no such host 
[2022-07-17 10:10:25] [WARNING]: 连接到反向WebSocket Universal服务器 ws://your_websocket_universal.server 时出现错误: dial tcp: lookup your_websocket_universal.server on [2408:8226:3501:302c::1]:53: no such host 
[2022-07-17 10:10:28] [WARNING]: 连接到反向WebSocket Universal服务器 ws://your_websocket_universal.server 时出现错误: dial tcp: lookup your_websocket_universal.server on [2408:8226:3501:302c::1]:53: no such host 
[2022-07-17 10:10:31] [WARNING]: 连接到反向WebSocket Universal服务器 ws://your_websocket_universal.server 时出现错误: dial tcp: lookup your_websocket_universal.server on [2408:8226:3501:302c::1]:53: no such host 
[2022-07-17 10:10:34] [WARNING]: 连接到反向WebSocket Universal服务器 ws://your_websocket_universal.server 时出现错误: dial tcp: lookup your_websocket_universal.server on [2408:8226:3501:302c::1]:53: no such host 
[2022-07-17 10:10:37] [WARNING]: 连接到反向WebSocket Universal服务器 ws://your_websocket_universal.server 时出现错误: dial tcp: lookup your_websocket_universal.server on [2408:8226:3501:302c::1]:53: no such host 
[2022-07-17 10:10:40] [WARNING]: 连接到反向WebSocket Universal服务器 ws://your_websocket_universal.server 时出现错误: dial tcp: lookup your_websocket_universal.server on [2408:8226:3501:302c::1]:53: no such host 
[2022-07-17 10:10:43] [WARNING]: 连接到反向WebSocket Universal服务器 ws://your_websocket_universal.server 时出现错误: dial tcp: lookup your_websocket_universal.server on [2408:8226:3501:302c::1]:53: no such host 
[2022-07-17 10:10:46] [WARNING]: 连接到反向WebSocket Universal服务器 ws://your_websocket_universal.server 时出现错误: dial tcp: lookup your_websocket_universal.server on [2408:8226:3501:302c::1]:53: no such host 
[2022-07-17 10:10:49] [WARNING]: 连接到反向WebSocket Universal服务器 ws://your_websocket_universal.server 时出现错误: dial tcp: lookup your_websocket_universal.server on [2408:8226:3501:302c::1]:53: no such host 
[2022-07-17 10:10:52] [WARNING]: 连接到反向WebSocket Universal服务器 ws://your_websocket_universal.server 时出现错误: dial tcp: lookup your_websocket_universal.server on [2408:8226:3501:302c::1]:53: no such host 
[2022-07-17 10:10:55] [WARNING]: 连接到反向WebSocket Universal服务器 ws://your_websocket_universal.server 时出现错误: dial tcp: lookup your_websocket_universal.server on [2408:8226:3501:302c::1]:53: no such host 
[2022-07-17 10:10:58] [WARNING]: 连接到反向WebSocket Universal服务器 ws://your_websocket_universal.server 时出现错误: dial tcp: lookup your_websocket_universal.server on [2408:8226:3501:302c::1]:53: no such host 
[2022-07-17 10:11:01] [WARNING]: 连接到反向WebSocket Universal服务器 ws://your_websocket_universal.server 时出现错误: dial tcp: lookup your_websocket_universal.server on [2408:8226:3501:302c::1]:53: no such host 
[2022-07-17 10:11:04] [WARNING]: 连接到反向WebSocket Universal服务器 ws://your_websocket_universal.server 时出现错误: dial tcp: lookup your_websocket_universal.server on [2408:8226:3501:302c::1]:53: no such host 
[2022-07-17 10:11:07] [WARNING]: 连接到反向WebSocket Universal服务器 ws://your_websocket_universal.server 时出现错误: dial tcp: lookup your_websocket_universal.server on [2408:8226:3501:302c::1]:53: no such host 
[2022-07-17 10:43:27] [WARNING]: Protocol -> device lock is disable. http api may fail. 
[2022-07-17 10:43:31] [WARNING]: 连接到反向WebSocket Universal服务器 ws://your_websocket_universal.server 时出现错误: dial tcp: lookup your_websocket_universal.server on [2408:8226:3501:302c::1]:53: no such host 
[2022-07-17 10:43:34] [WARNING]: 连接到反向WebSocket Universal服务器 ws://your_websocket_universal.server 时出现错误: dial tcp: lookup your_websocket_universal.server on [2408:8226:3501:302c::1]:53: no such host 
[2022-07-17 10:43:37] [WARNING]: 连接到反向WebSocket Universal服务器 ws://your_websocket_universal.server 时出现错误: dial tcp: lookup your_websocket_universal.server on [2408:8226:3501:302c::1]:53: no such host 
[2022-07-17 10:50:53] [WARNING]: Protocol -> device lock is disable. http api may fail. 
[2022-07-17 10:50:57] [WARNING]: 连接到反向WebSocket Universal服务器 ws://your_websocket_universal.server 时出现错误: dial tcp: lookup your_websocket_universal.server on [2408:8226:3501:302c::1]:53: no such host 
[2022-07-17 10:51:00] [WARNING]: 连接到反向WebSocket Universal服务器 ws://your_websocket_universal.server 时出现错误: dial tcp: lookup your_websocket_universal.server on [2408:8226:3501:302c::1]:53: no such host 
[2022-07-17 10:51:03] [WARNING]: 连接到反向WebSocket Universal服务器 ws://your_websocket_universal.server 时出现错误: dial tcp: lookup your_websocket_universal.server on [2408:8226:3501:302c::1]:53: no such host 
[2022-07-17 10:51:06] [WARNING]: 连接到反向WebSocket Universal服务器 ws://your_websocket_universal.server 时出现错误: dial tcp: lookup your_websocket_universal.server on [2408:8226:3501:302c::1]:53: no such host 
[2022-07-17 10:51:09] [WARNING]: 连接到反向WebSocket Universal服务器 ws://your_websocket_universal.server 时出现错误: dial tcp: lookup your_websocket_universal.server on [2408:8226:3501:302c::1]:53: no such host 
[2022-07-17 10:51:12] [WARNING]: 连接到反向WebSocket Universal服务器 ws://your_websocket_universal.server 时出现错误: dial tcp: lookup your_websocket_universal.server on [2408:8226:3501:302c::1]:53: no such host 
[2022-07-17 10:51:15] [WARNING]: 连接到反向WebSocket Universal服务器 ws://your_websocket_universal.server 时出现错误: dial tcp: lookup your_websocket_universal.server on [2408:8226:3501:302c::1]:53: no such host 
[2022-07-17 10:51:18] [WARNING]: 连接到反向WebSocket Universal服务器 ws://your_websocket_universal.server 时出现错误: dial tcp: lookup your_websocket_universal.server on [2408:8226:3501:302c::1]:53: no such host 
[2022-07-17 10:51:21] [WARNING]: 连接到反向WebSocket Universal服务器 ws://your_websocket_universal.server 时出现错误: dial tcp: lookup your_websocket_universal.server on [2408:8226:3501:302c::1]:53: no such host 
[2022-07-17 10:51:24] [WARNING]: 连接到反向WebSocket Universal服务器 ws://your_websocket_universal.server 时出现错误: dial tcp: lookup your_websocket_universal.server on [2408:8226:3501:302c::1]:53: no such host 
[2022-07-17 10:51:27] [WARNING]: 连接到反向WebSocket Universal服务器 ws://your_websocket_universal.server 时出现错误: dial tcp: lookup your_websocket_universal.server on [2408:8226:3501:302c::1]:53: no such host 
[2022-07-17 10:51:30] [WARNING]: 连接到反向WebSocket Universal服务器 ws://your_websocket_universal.server 时出现错误: dial tcp: lookup your_websocket_universal.server on [2408:8226:3501:302c::1]:53: no such host 
[2022-07-17 10:51:33] [WARNING]: 连接到反向WebSocket Universal服务器 ws://your_websocket_universal.server 时出现错误: dial tcp: lookup your_websocket_universal.server on [2408:8226:3501:302c::1]:53: no such host 
[2022-07-17 10:51:36] [WARNING]: 连接到反向WebSocket Universal服务器 ws://your_websocket_universal.server 时出现错误: dial tcp: lookup your_websocket_universal.server on [2408:8226:3501:302c::1]:53: no such host 
[2022-07-17 10:51:39] [WARNING]: 连接到反向WebSocket Universal服务器 ws://your_websocket_universal.server 时出现错误: dial tcp: lookup your_websocket_universal.server on [2408:8226:3501:302c::1]:53: no such host 
[2022-07-17 10:51:42] [WARNING]: 连接到反向WebSocket Universal服务器 ws://your_websocket_universal.server 时出现错误: dial tcp: lookup your_websocket_universal.server on [2408:8226:3501:302c::1]:53: no such host 
[2022-07-17 10:51:45] [WARNING]: 连接到反向WebSocket Universal服务器 ws://your_websocket_universal.server 时出现错误: dial tcp: lookup your_websocket_universal.server on [2408:8226:3501:302c::1]:53: no such host 
[2022-07-17 10:51:48] [WARNING]: 连接到反向WebSocket Universal服务器 ws://your_websocket_universal.server 时出现错误: dial tcp: lookup your_websocket_universal.server on [2408:8226:3501:302c::1]:53: no such host 
[2022-07-17 10:51:51] [WARNING]: 连接到反向WebSocket Universal服务器 ws://your_websocket_universal.server 时出现错误: dial tcp: lookup your_websocket_universal.server on [2408:8226:3501:302c::1]:53: no such host 
[2022-07-17 10:51:54] [WARNING]: 连接到反向WebSocket Universal服务器 ws://your_websocket_universal.server 时出现错误: dial tcp: lookup your_websocket_universal.server on [2408:8226:3501:302c::1]:53: no such host 
[2022-07-17 10:51:57] [WARNING]: 连接到反向WebSocket Universal服务器 ws://your_websocket_universal.server 时出现错误: dial tcp: lookup your_websocket_universal.server on [2408:8226:3501:302c::1]:53: no such host 
[2022-07-17 11:18:31] [WARNING]: Protocol -> device lock is disable. http api may fail. 
[2022-07-17 11:18:58] [WARNING]: 警告: 本地连接聊天服务器丢包率为 10%, 可能出现消息丢失/延迟或频繁掉线等情况, 请检查本地网络状态. 
[2022-07-17 11:18:58] [WARNING]: 警告: 长消息延迟为 1019ms, 大于 1000ms, 可能导致无法接收/发送长消息的情况, 请检查本地网络状态. 
[2022-07-17 11:18:58] [WARNING]: 警告: 本地连接媒体服务器丢包率为 10%, 可能导致无法上传/下载媒体文件, 无法上传群共享, 无法发送消息等情况, 请检查本地网络状态. 
[2022-07-17 11:20:07] [WARNING]: 监听反向WS Universal时出现错误: websocket: close 1006 (abnormal closure): unexpected EOF 
[2022-07-17 11:20:10] [WARNING]: 向反向WS Universal服务器推送 Event 时出现错误: write tcp 127.0.0.1:62948->127.0.0.1:8080: use of closed network connection 
[2022-07-17 11:20:13] [WARNING]: 连接到反向WebSocket Universal服务器 ws://127.0.0.1:8080/onebot/v11/ws 时出现错误: dial tcp 127.0.0.1:8080: connect: connection refused 
[2022-07-17 11:20:16] [WARNING]: 连接到反向WebSocket Universal服务器 ws://127.0.0.1:8080/onebot/v11/ws 时出现错误: dial tcp 127.0.0.1:8080: connect: connection refused 
[2022-07-17 11:23:42] [WARNING]: 监听反向WS Universal时出现错误: websocket: close 1006 (abnormal closure): unexpected EOF 
[2022-07-17 11:23:50] [WARNING]: 向反向WS Universal服务器推送 Event 时出现错误: write tcp 127.0.0.1:63280->127.0.0.1:8080: use of closed network connection 
